<?xml version="1.0" encoding="UTF-8"?>
<!-- Generated by org.testng.reporters.JUnitReportReporter -->
<testsuite skipped="0" hostname="Lenovo" name="com.plamenti.selenium_framework.tests.HomePageTestsIT" tests="6" failures="0" timestamp="07 Jan 2018 16:29:55 GMT" time="41.601" errors="0">
  <testcase name="homePageLoginWithValidEmailAndInvalidPasswordTestIT" time="7.177" classname="com.plamenti.selenium_framework.tests.HomePageTestsIT"/>
  <testcase name="homePageLoginWithInvalidEmailAndValidPasswordTestIT" time="7.076" classname="com.plamenti.selenium_framework.tests.HomePageTestsIT"/>
  <testcase name="loginFormTestIT" time="5.381" classname="com.plamenti.selenium_framework.tests.HomePageTestsIT"/>
  <testcase name="homePageLoginWithEmptyEmailTestIT" time="6.842" classname="com.plamenti.selenium_framework.tests.HomePageTestsIT"/>
  <testcase name="homePageLoginWithValidCredentialsTestIT" time="9.325" classname="com.plamenti.selenium_framework.tests.HomePageTestsIT"/>
  <testcase name="homePageLoginWithEmptyPasswordTestIT" time="5.800" classname="com.plamenti.selenium_framework.tests.HomePageTestsIT"/>
</testsuite> <!-- com.plamenti.selenium_framework.tests.HomePageTestsIT -->
