<?xml version="1.0" encoding="UTF-8"?>
<!-- Generated by org.testng.reporters.JUnitReportReporter -->
<testsuite skipped="0" hostname="Lenovo" name="com.plamenti.selenium_framework.tests.HomePageTestsIT" tests="2" failures="0" timestamp="07 Jan 2018 15:49:14 GMT" time="15.594" errors="0">
  <testcase name="loginFormTestIT" time="5.435" classname="com.plamenti.selenium_framework.tests.HomePageTestsIT"/>
  <testcase name="homePageLoginWithValidCredentialsTestIT" time="10.159" classname="com.plamenti.selenium_framework.tests.HomePageTestsIT"/>
</testsuite> <!-- com.plamenti.selenium_framework.tests.HomePageTestsIT -->
