<?xml version="1.0" encoding="UTF-8"?>
<!-- Generated by org.testng.reporters.JUnitReportReporter -->
<testsuite skipped="0" hostname="Lenovo" name="com.plamenti.selenium_framework.tests.HomePageTestsIT" tests="9" failures="0" timestamp="07 Jan 2018 22:34:54 GMT" time="66.301" errors="0">
  <testcase name="homePageLoginWithInvalidEmailAndInvalidPasswordTestIT" time="9.178" classname="com.plamenti.selenium_framework.tests.HomePageTestsIT"/>
  <testcase name="homePageLoginWithValidCredentialsTestIT" time="9.679" classname="com.plamenti.selenium_framework.tests.HomePageTestsIT"/>
  <testcase name="homePageLoginWithValidEmailAndInvalidPasswordTestIT" time="7.039" classname="com.plamenti.selenium_framework.tests.HomePageTestsIT"/>
  <testcase name="homePageLoginWithInvalidEmailAndInvalidPasswordTestIT" time="6.980" classname="com.plamenti.selenium_framework.tests.HomePageTestsIT"/>
  <testcase name="homePageLoginWithInvalidEmailAndValidPasswordTestIT" time="7.091" classname="com.plamenti.selenium_framework.tests.HomePageTestsIT"/>
  <testcase name="homePageLoginWithInvalidEmailAndInvalidPasswordTestIT" time="6.960" classname="com.plamenti.selenium_framework.tests.HomePageTestsIT"/>
  <testcase name="loginFormTestIT" time="6.877" classname="com.plamenti.selenium_framework.tests.HomePageTestsIT"/>
  <testcase name="homePageLoginWithEmptyPasswordTestIT" time="5.698" classname="com.plamenti.selenium_framework.tests.HomePageTestsIT"/>
  <testcase name="homePageLoginWithEmptyEmailTestIT" time="6.799" classname="com.plamenti.selenium_framework.tests.HomePageTestsIT"/>
</testsuite> <!-- com.plamenti.selenium_framework.tests.HomePageTestsIT -->
