<?xml version="1.0" encoding="UTF-8"?>
<!-- Generated by org.testng.reporters.JUnitReportReporter -->
<testsuite skipped="0" hostname="Lenovo" name="com.plamenti.selenium_framework.tests.PurchasePageTestIT" tests="2" failures="0" timestamp="08 Jan 2018 05:19:23 GMT" time="0.146" errors="1">
  <testcase name="f" time="0.052" classname="com.plamenti.selenium_framework.tests.PurchasePageTestIT"/>
  <testcase name="quitDriver" time="0.094" classname="com.plamenti.selenium_framework.tests.PurchasePageTestIT">
    <error type="java.lang.NullPointerException">
      <![CDATA[java.lang.NullPointerExceptionat com.plamenti.selenium_framework.base.WebDriverThread.<init>(WebDriverThread.java:19)at com.plamenti.selenium_framework.base.WebDriverThreadFactory$1.initialValue(WebDriverThreadFactory.java:17)at com.plamenti.selenium_framework.base.WebDriverThreadFactory$1.initialValue(WebDriverThreadFactory.java:14)at java.lang.ThreadLocal.setInitialValue(ThreadLocal.java:180)at java.lang.ThreadLocal.get(ThreadLocal.java:170)at com.plamenti.selenium_framework.base.WebDriverThreadFactory.quitDriver(WebDriverThreadFactory.java:29)at com.plamenti.selenium_framework.base.BaseTestThread.quitDriver(BaseTestThread.java:31)at sun.reflect.NativeMethodAccessorImpl.invoke0(Native Method)at sun.reflect.NativeMethodAccessorImpl.invoke(NativeMethodAccessorImpl.java:62)at sun.reflect.DelegatingMethodAccessorImpl.invoke(DelegatingMethodAccessorImpl.java:43)at java.lang.reflect.Method.invoke(Method.java:498)at org.testng.internal.MethodInvocationHelper.invokeMethod(MethodInvocationHelper.java:124)at org.testng.internal.MethodInvocationHelper.invokeMethodConsideringTimeout(MethodInvocationHelper.java:59)at org.testng.internal.Invoker.invokeConfigurationMethod(Invoker.java:451)at org.testng.internal.Invoker.invokeConfigurations(Invoker.java:222)at org.testng.internal.Invoker.invokeMethod(Invoker.java:634)at org.testng.internal.Invoker.invokeTestMethod(Invoker.java:707)at org.testng.internal.Invoker.invokeTestMethods(Invoker.java:979)at org.testng.internal.TestMethodWorker.invokeTestMethods(TestMethodWorker.java:125)at org.testng.internal.TestMethodWorker.run(TestMethodWorker.java:109)at org.testng.TestRunner.privateRun(TestRunner.java:648)at org.testng.TestRunner.run(TestRunner.java:505)at org.testng.SuiteRunner.runTest(SuiteRunner.java:455)at org.testng.SuiteRunner.runSequentially(SuiteRunner.java:450)at org.testng.SuiteRunner.privateRun(SuiteRunner.java:415)at org.testng.SuiteRunner.run(SuiteRunner.java:364)at org.testng.SuiteRunnerWorker.runSuite(SuiteRunnerWorker.java:52)at org.testng.SuiteRunnerWorker.run(SuiteRunnerWorker.java:84)at org.testng.TestNG.runSuitesSequentially(TestNG.java:1187)at org.testng.TestNG.runSuitesLocally(TestNG.java:1116)at org.testng.TestNG.runSuites(TestNG.java:1028)at org.testng.TestNG.run(TestNG.java:996)at org.testng.remote.AbstractRemoteTestNG.run(AbstractRemoteTestNG.java:114)at org.testng.remote.RemoteTestNG.initAndRun(RemoteTestNG.java:251)at org.testng.remote.RemoteTestNG.main(RemoteTestNG.java:77)]]>
    </error>
  </testcase> <!-- quitDriver -->
</testsuite> <!-- com.plamenti.selenium_framework.tests.PurchasePageTestIT -->
