<?xml version="1.0" encoding="UTF-8"?>
<!-- Generated by org.testng.reporters.JUnitReportReporter -->
<testsuite skipped="0" hostname="Lenovo" name="com.plamenti.selenium_framework.tests.HomePageTestsIT" tests="1" failures="0" timestamp="08 Jan 2018 05:47:19 GMT" time="6.574" errors="0">
  <testcase name="loginFormTestIT" time="6.574" classname="com.plamenti.selenium_framework.tests.HomePageTestsIT"/>
</testsuite> <!-- com.plamenti.selenium_framework.tests.HomePageTestsIT -->
